2025-11-29 20:38:17.842197 - User: AnonymousUser - Path: /
2025-11-29 20:38:20.212536 - User: AnonymousUser - Path: /favicon.ico
2025-11-29 20:39:02.040432 - User: AnonymousUser - Path: /api/
2025-11-29 20:42:31.306212 - User: AnonymousUser - Path: /api/
2025-11-29 20:42:49.761299 - User: AnonymousUser - Path: /api/token/
2025-11-29 20:43:10.943376 - User: AnonymousUser - Path: /api/token/
2025-11-29 20:46:53.563264 - User: AnonymousUser - Path: /api/token/
2025-11-29 20:47:22.700896 - User: AnonymousUser - Path: /api/messages/
2025-11-29 20:53:10.246649 - User: AnonymousUser - Path: /api/token/
2025-11-29 20:54:17.572127 - User: AnonymousUser - Path: /api/token/messages/
2025-11-29 20:55:13.485870 - User: AnonymousUser - Path: /api/token/conversations/
2025-11-29 20:55:26.633153 - User: AnonymousUser - Path: /api/conversations/
2025-11-29 20:56:57.798503 - User: AnonymousUser - Path: /api/messages/
2025-11-29 20:59:17.467284 - User: AnonymousUser - Path: /api/messages/
2025-11-29 21:06:32.612273 - User: william@gmail.com - Path: /api/messages/
2025-11-29 21:40:21.955922 - User: AnonymousUser - Path: /api/messages/
2025-11-29 21:44:51.205169 - User: AnonymousUser - Path: /api/messages/
2025-11-29 21:45:26.334815 - User: AnonymousUser - Path: /api/messages/
2025-11-29 21:46:44.084536 - User: AnonymousUser - Path: /api/messages/
2025-11-29 21:47:24.577098 - User: AnonymousUser - Path: /api/messages/
2025-11-29 21:48:29.284966 - User: AnonymousUser - Path: /api/messages/
